{"/Users/hyeonwoo/DEV_test/src/app.ts": {"path":"/Users/hyeonwoo/DEV_test/src/app.ts","statementMap":{"0":{"start":{"line":1,"column":0},"end":{"line":1,"column":30}},"1":{"start":{"line":2,"column":0},"end":{"line":2,"column":24}},"2":{"start":{"line":3,"column":0},"end":{"line":3,"column":43}},"3":{"start":{"line":4,"column":0},"end":{"line":4,"column":45}},"4":{"start":{"line":6,"column":12},"end":{"line":6,"column":21}},"5":{"start":{"line":19,"column":9},"end":{"line":19,"column":12}},"6":{"start":{"line":8,"column":0},"end":{"line":8,"column":28}},"7":{"start":{"line":9,"column":0},"end":{"line":9,"column":41}},"8":{"start":{"line":10,"column":0},"end":{"line":10,"column":59}},"9":{"start":{"line":12,"column":0},"end":{"line":17,"column":1}},"10":{"start":{"line":13,"column":22},"end":{"line":13,"column":62}},"11":{"start":{"line":14,"column":2},"end":{"line":14,"column":50}},"12":{"start":{"line":16,"column":2},"end":{"line":16,"column":37}}},"fnMap":{},"branchMap":{"0":{"loc":{"start":{"line":12,"column":0},"end":{"line":17,"column":1}},"type":"if","locations":[{"start":{"line":12,"column":0},"end":{"line":17,"column":1}},{"start":{"line":15,"column":7},"end":{"line":17,"column":1}}]}},"s":{"0":2,"1":2,"2":2,"3":2,"4":2,"5":2,"6":2,"7":2,"8":2,"9":2,"10":0,"11":0,"12":2},"f":{},"b":{"0":[0,2]}}
,"/Users/hyeonwoo/DEV_test/src/db.ts": {"path":"/Users/hyeonwoo/DEV_test/src/db.ts","statementMap":{"0":{"start":{"line":1,"column":0},"end":{"line":1,"column":38}},"1":{"start":{"line":3,"column":15},"end":{"line":3,"column":46}},"2":{"start":{"line":5,"column":13},"end":{"line":9,"column":3}}},"fnMap":{},"branchMap":{"0":{"loc":{"start":{"line":7,"column":11},"end":{"line":7,"column":52}},"type":"cond-expr","locations":[{"start":{"line":7,"column":20},"end":{"line":7,"column":30}},{"start":{"line":7,"column":33},"end":{"line":7,"column":52}}]}},"s":{"0":3,"1":3,"2":3},"f":{},"b":{"0":[3,0]}}
,"/Users/hyeonwoo/DEV_test/src/socket.ts": {"path":"/Users/hyeonwoo/DEV_test/src/socket.ts","statementMap":{"0":{"start":{"line":5,"column":0},"end":{"line":5,"column":16}},"1":{"start":{"line":42,"column":0},"end":{"line":42,"column":16}},"2":{"start":{"line":48,"column":0},"end":{"line":48,"column":16}},"3":{"start":{"line":3,"column":20},"end":{"line":3,"column":45}},"4":{"start":{"line":6,"column":2},"end":{"line":30,"column":5}},"5":{"start":{"line":7,"column":4},"end":{"line":19,"column":7}},"6":{"start":{"line":9,"column":8},"end":{"line":11,"column":16}},"7":{"start":{"line":13,"column":6},"end":{"line":17,"column":7}},"8":{"start":{"line":14,"column":8},"end":{"line":14,"column":41}},"9":{"start":{"line":16,"column":8},"end":{"line":16,"column":38}},"10":{"start":{"line":18,"column":6},"end":{"line":18,"column":34}},"11":{"start":{"line":21,"column":4},"end":{"line":24,"column":7}},"12":{"start":{"line":22,"column":6},"end":{"line":22,"column":36}},"13":{"start":{"line":23,"column":6},"end":{"line":23,"column":34}},"14":{"start":{"line":26,"column":4},"end":{"line":29,"column":7}},"15":{"start":{"line":27,"column":6},"end":{"line":27,"column":36}},"16":{"start":{"line":28,"column":6},"end":{"line":28,"column":26}},"17":{"start":{"line":34,"column":16},"end":{"line":34,"column":50}},"18":{"start":{"line":35,"column":2},"end":{"line":39,"column":3}},"19":{"start":{"line":36,"column":4},"end":{"line":36,"column":55}},"20":{"start":{"line":38,"column":4},"end":{"line":38,"column":34}},"21":{"start":{"line":43,"column":2},"end":{"line":43,"column":20}},"22":{"start":{"line":46,"column":34},"end":{"line":46,"column":38}},"23":{"start":{"line":49,"column":2},"end":{"line":49,"column":18}}},"fnMap":{"0":{"name":"setupSocket","decl":{"start":{"line":5,"column":16},"end":{"line":5,"column":27}},"loc":{"start":{"line":5,"column":40},"end":{"line":31,"column":1}}},"1":{"name":"(anonymous_1)","decl":{"start":{"line":6,"column":22},"end":{"line":6,"column":23}},"loc":{"start":{"line":6,"column":41},"end":{"line":30,"column":3}}},"2":{"name":"(anonymous_2)","decl":{"start":{"line":7,"column":24},"end":{"line":7,"column":25}},"loc":{"start":{"line":7,"column":56},"end":{"line":19,"column":5}}},"3":{"name":"(anonymous_3)","decl":{"start":{"line":21,"column":28},"end":{"line":21,"column":31}},"loc":{"start":{"line":21,"column":33},"end":{"line":24,"column":5}}},"4":{"name":"(anonymous_4)","decl":{"start":{"line":26,"column":28},"end":{"line":26,"column":31}},"loc":{"start":{"line":26,"column":33},"end":{"line":29,"column":5}}},"5":{"name":"broadcastTyping","decl":{"start":{"line":33,"column":9},"end":{"line":33,"column":24}},"loc":{"start":{"line":33,"column":61},"end":{"line":40,"column":1}}},"6":{"name":"getIO","decl":{"start":{"line":42,"column":16},"end":{"line":42,"column":21}},"loc":{"start":{"line":42,"column":21},"end":{"line":44,"column":1}}},"7":{"name":"setIO","decl":{"start":{"line":48,"column":16},"end":{"line":48,"column":21}},"loc":{"start":{"line":48,"column":34},"end":{"line":50,"column":1}}}},"branchMap":{"0":{"loc":{"start":{"line":9,"column":8},"end":{"line":11,"column":16}},"type":"cond-expr","locations":[{"start":{"line":10,"column":12},"end":{"line":10,"column":32}},{"start":{"line":11,"column":12},"end":{"line":11,"column":16}}]},"1":{"loc":{"start":{"line":9,"column":8},"end":{"line":9,"column":66}},"type":"binary-expr","locations":[{"start":{"line":9,"column":8},"end":{"line":9,"column":42}},{"start":{"line":9,"column":46},"end":{"line":9,"column":66}}]},"2":{"loc":{"start":{"line":13,"column":6},"end":{"line":17,"column":7}},"type":"if","locations":[{"start":{"line":13,"column":6},"end":{"line":17,"column":7}},{"start":{"line":15,"column":13},"end":{"line":17,"column":7}}]},"3":{"loc":{"start":{"line":35,"column":2},"end":{"line":39,"column":3}},"type":"if","locations":[{"start":{"line":35,"column":2},"end":{"line":39,"column":3}},{"start":{"line":37,"column":9},"end":{"line":39,"column":3}}]}},"s":{"0":3,"1":3,"2":3,"3":3,"4":2,"5":14,"6":7,"7":7,"8":5,"9":2,"10":7,"11":14,"12":2,"13":2,"14":14,"15":14,"16":14,"17":23,"18":23,"19":9,"20":14,"21":14,"22":3,"23":2},"f":{"0":2,"1":14,"2":7,"3":2,"4":14,"5":23,"6":14,"7":2},"b":{"0":[5,2],"1":[7,6],"2":[5,2],"3":[9,14]}}
,"/Users/hyeonwoo/DEV_test/src/models/Post.ts": {"path":"/Users/hyeonwoo/DEV_test/src/models/Post.ts","statementMap":{"0":{"start":{"line":1,"column":0},"end":{"line":1,"column":105}},"1":{"start":{"line":2,"column":0},"end":{"line":2,"column":34}},"2":{"start":{"line":4,"column":0},"end":{"line":4,"column":13}},"3":{"start":{"line":13,"column":0},"end":{"line":39,"column":2}}},"fnMap":{},"branchMap":{},"s":{"0":3,"1":3,"2":3,"3":3},"f":{},"b":{}}
,"/Users/hyeonwoo/DEV_test/src/routes/posts.ts": {"path":"/Users/hyeonwoo/DEV_test/src/routes/posts.ts","statementMap":{"0":{"start":{"line":1,"column":0},"end":{"line":1,"column":52}},"1":{"start":{"line":2,"column":0},"end":{"line":2,"column":30}},"2":{"start":{"line":3,"column":0},"end":{"line":3,"column":38}},"3":{"start":{"line":5,"column":15},"end":{"line":5,"column":23}},"4":{"start":{"line":132,"column":19},"end":{"line":132,"column":30}},"5":{"start":{"line":7,"column":20},"end":{"line":7,"column":22}},"6":{"start":{"line":8,"column":21},"end":{"line":8,"column":85}},"7":{"start":{"line":10,"column":0},"end":{"line":16,"column":3}},"8":{"start":{"line":11,"column":16},"end":{"line":14,"column":4}},"9":{"start":{"line":15,"column":2},"end":{"line":15,"column":18}},"10":{"start":{"line":18,"column":0},"end":{"line":55,"column":3}},"11":{"start":{"line":19,"column":42},"end":{"line":19,"column":50}},"12":{"start":{"line":21,"column":2},"end":{"line":24,"column":3}},"13":{"start":{"line":22,"column":4},"end":{"line":22,"column":84}},"14":{"start":{"line":23,"column":4},"end":{"line":23,"column":11}},"15":{"start":{"line":26,"column":26},"end":{"line":26,"column":41}},"16":{"start":{"line":27,"column":25},"end":{"line":27,"column":39}},"17":{"start":{"line":29,"column":2},"end":{"line":32,"column":3}},"18":{"start":{"line":30,"column":4},"end":{"line":30,"column":84}},"19":{"start":{"line":31,"column":4},"end":{"line":31,"column":11}},"20":{"start":{"line":34,"column":2},"end":{"line":37,"column":3}},"21":{"start":{"line":35,"column":4},"end":{"line":35,"column":54}},"22":{"start":{"line":36,"column":4},"end":{"line":36,"column":11}},"23":{"start":{"line":39,"column":17},"end":{"line":39,"column":57}},"24":{"start":{"line":40,"column":15},"end":{"line":40,"column":106}},"25":{"start":{"line":42,"column":20},"end":{"line":42,"column":40}},"26":{"start":{"line":43,"column":13},"end":{"line":43,"column":20}},"27":{"start":{"line":44,"column":2},"end":{"line":49,"column":3}},"28":{"start":{"line":45,"column":4},"end":{"line":48,"column":7}},"29":{"start":{"line":51,"column":2},"end":{"line":54,"column":5}},"30":{"start":{"line":57,"column":0},"end":{"line":99,"column":3}},"31":{"start":{"line":58,"column":32},"end":{"line":58,"column":40}},"32":{"start":{"line":60,"column":2},"end":{"line":63,"column":3}},"33":{"start":{"line":61,"column":4},"end":{"line":61,"column":60}},"34":{"start":{"line":62,"column":4},"end":{"line":62,"column":11}},"35":{"start":{"line":65,"column":15},"end":{"line":65,"column":57}},"36":{"start":{"line":66,"column":2},"end":{"line":69,"column":3}},"37":{"start":{"line":67,"column":4},"end":{"line":67,"column":54}},"38":{"start":{"line":68,"column":4},"end":{"line":68,"column":11}},"39":{"start":{"line":71,"column":16},"end":{"line":71,"column":61}},"40":{"start":{"line":72,"column":2},"end":{"line":75,"column":3}},"41":{"start":{"line":73,"column":4},"end":{"line":73,"column":54}},"42":{"start":{"line":74,"column":4},"end":{"line":74,"column":11}},"43":{"start":{"line":77,"column":2},"end":{"line":84,"column":3}},"44":{"start":{"line":78,"column":4},"end":{"line":81,"column":5}},"45":{"start":{"line":79,"column":6},"end":{"line":79,"column":56}},"46":{"start":{"line":80,"column":6},"end":{"line":80,"column":13}},"47":{"start":{"line":82,"column":4},"end":{"line":82,"column":34}},"48":{"start":{"line":83,"column":4},"end":{"line":83,"column":22}},"49":{"start":{"line":86,"column":20},"end":{"line":86,"column":40}},"50":{"start":{"line":87,"column":13},"end":{"line":87,"column":20}},"51":{"start":{"line":88,"column":2},"end":{"line":93,"column":3}},"52":{"start":{"line":89,"column":4},"end":{"line":92,"column":7}},"53":{"start":{"line":95,"column":2},"end":{"line":98,"column":5}},"54":{"start":{"line":101,"column":0},"end":{"line":130,"column":3}},"55":{"start":{"line":102,"column":23},"end":{"line":102,"column":31}},"56":{"start":{"line":104,"column":2},"end":{"line":107,"column":3}},"57":{"start":{"line":105,"column":4},"end":{"line":105,"column":60}},"58":{"start":{"line":106,"column":4},"end":{"line":106,"column":11}},"59":{"start":{"line":109,"column":15},"end":{"line":109,"column":57}},"60":{"start":{"line":110,"column":2},"end":{"line":113,"column":3}},"61":{"start":{"line":111,"column":4},"end":{"line":111,"column":54}},"62":{"start":{"line":112,"column":4},"end":{"line":112,"column":11}},"63":{"start":{"line":115,"column":16},"end":{"line":115,"column":61}},"64":{"start":{"line":116,"column":2},"end":{"line":119,"column":3}},"65":{"start":{"line":117,"column":4},"end":{"line":117,"column":54}},"66":{"start":{"line":118,"column":4},"end":{"line":118,"column":11}},"67":{"start":{"line":121,"column":2},"end":{"line":121,"column":23}},"68":{"start":{"line":123,"column":20},"end":{"line":123,"column":40}},"69":{"start":{"line":124,"column":13},"end":{"line":124,"column":20}},"70":{"start":{"line":125,"column":2},"end":{"line":127,"column":3}},"71":{"start":{"line":126,"column":4},"end":{"line":126,"column":43}},"72":{"start":{"line":129,"column":2},"end":{"line":129,"column":24}}},"fnMap":{"0":{"name":"(anonymous_1)","decl":{"start":{"line":10,"column":16},"end":{"line":10,"column":21}},"loc":{"start":{"line":10,"column":55},"end":{"line":16,"column":1}}},"1":{"name":"(anonymous_2)","decl":{"start":{"line":18,"column":17},"end":{"line":18,"column":22}},"loc":{"start":{"line":18,"column":55},"end":{"line":55,"column":1}}},"2":{"name":"(anonymous_3)","decl":{"start":{"line":57,"column":19},"end":{"line":57,"column":24}},"loc":{"start":{"line":57,"column":57},"end":{"line":99,"column":1}}},"3":{"name":"(anonymous_4)","decl":{"start":{"line":101,"column":22},"end":{"line":101,"column":27}},"loc":{"start":{"line":101,"column":60},"end":{"line":130,"column":1}}}},"branchMap":{"0":{"loc":{"start":{"line":21,"column":2},"end":{"line":24,"column":3}},"type":"if","locations":[{"start":{"line":21,"column":2},"end":{"line":24,"column":3}},{"start":{},"end":{}}]},"1":{"loc":{"start":{"line":21,"column":6},"end":{"line":21,"column":97}},"type":"binary-expr","locations":[{"start":{"line":21,"column":6},"end":{"line":21,"column":34}},{"start":{"line":21,"column":38},"end":{"line":21,"column":65}},{"start":{"line":21,"column":69},"end":{"line":21,"column":97}}]},"2":{"loc":{"start":{"line":29,"column":2},"end":{"line":32,"column":3}},"type":"if","locations":[{"start":{"line":29,"column":2},"end":{"line":32,"column":3}},{"start":{},"end":{}}]},"3":{"loc":{"start":{"line":29,"column":6},"end":{"line":29,"column":54}},"type":"binary-expr","locations":[{"start":{"line":29,"column":6},"end":{"line":29,"column":22}},{"start":{"line":29,"column":26},"end":{"line":29,"column":41}},{"start":{"line":29,"column":45},"end":{"line":29,"column":54}}]},"4":{"loc":{"start":{"line":34,"column":2},"end":{"line":37,"column":3}},"type":"if","locations":[{"start":{"line":34,"column":2},"end":{"line":37,"column":3}},{"start":{},"end":{}}]},"5":{"loc":{"start":{"line":34,"column":6},"end":{"line":34,"column":65}},"type":"binary-expr","locations":[{"start":{"line":34,"column":6},"end":{"line":34,"column":33}},{"start":{"line":34,"column":37},"end":{"line":34,"column":65}}]},"6":{"loc":{"start":{"line":44,"column":2},"end":{"line":49,"column":3}},"type":"if","locations":[{"start":{"line":44,"column":2},"end":{"line":49,"column":3}},{"start":{},"end":{}}]},"7":{"loc":{"start":{"line":60,"column":2},"end":{"line":63,"column":3}},"type":"if","locations":[{"start":{"line":60,"column":2},"end":{"line":63,"column":3}},{"start":{},"end":{}}]},"8":{"loc":{"start":{"line":60,"column":6},"end":{"line":60,"column":47}},"type":"binary-expr","locations":[{"start":{"line":60,"column":6},"end":{"line":60,"column":34}},{"start":{"line":60,"column":38},"end":{"line":60,"column":47}}]},"9":{"loc":{"start":{"line":66,"column":2},"end":{"line":69,"column":3}},"type":"if","locations":[{"start":{"line":66,"column":2},"end":{"line":69,"column":3}},{"start":{},"end":{}}]},"10":{"loc":{"start":{"line":72,"column":2},"end":{"line":75,"column":3}},"type":"if","locations":[{"start":{"line":72,"column":2},"end":{"line":75,"column":3}},{"start":{},"end":{}}]},"11":{"loc":{"start":{"line":77,"column":2},"end":{"line":84,"column":3}},"type":"if","locations":[{"start":{"line":77,"column":2},"end":{"line":84,"column":3}},{"start":{},"end":{}}]},"12":{"loc":{"start":{"line":77,"column":6},"end":{"line":77,"column":51}},"type":"binary-expr","locations":[{"start":{"line":77,"column":6},"end":{"line":77,"column":33}},{"start":{"line":77,"column":37},"end":{"line":77,"column":51}}]},"13":{"loc":{"start":{"line":78,"column":4},"end":{"line":81,"column":5}},"type":"if","locations":[{"start":{"line":78,"column":4},"end":{"line":81,"column":5}},{"start":{},"end":{}}]},"14":{"loc":{"start":{"line":88,"column":2},"end":{"line":93,"column":3}},"type":"if","locations":[{"start":{"line":88,"column":2},"end":{"line":93,"column":3}},{"start":{},"end":{}}]},"15":{"loc":{"start":{"line":104,"column":2},"end":{"line":107,"column":3}},"type":"if","locations":[{"start":{"line":104,"column":2},"end":{"line":107,"column":3}},{"start":{},"end":{}}]},"16":{"loc":{"start":{"line":104,"column":6},"end":{"line":104,"column":47}},"type":"binary-expr","locations":[{"start":{"line":104,"column":6},"end":{"line":104,"column":34}},{"start":{"line":104,"column":38},"end":{"line":104,"column":47}}]},"17":{"loc":{"start":{"line":110,"column":2},"end":{"line":113,"column":3}},"type":"if","locations":[{"start":{"line":110,"column":2},"end":{"line":113,"column":3}},{"start":{},"end":{}}]},"18":{"loc":{"start":{"line":116,"column":2},"end":{"line":119,"column":3}},"type":"if","locations":[{"start":{"line":116,"column":2},"end":{"line":119,"column":3}},{"start":{},"end":{}}]},"19":{"loc":{"start":{"line":125,"column":2},"end":{"line":127,"column":3}},"type":"if","locations":[{"start":{"line":125,"column":2},"end":{"line":127,"column":3}},{"start":{},"end":{}}]}},"s":{"0":2,"1":2,"2":2,"3":2,"4":2,"5":2,"6":2,"7":2,"8":3,"9":3,"10":2,"11":17,"12":17,"13":3,"14":3,"15":14,"16":14,"17":14,"18":3,"19":3,"20":11,"21":2,"22":2,"23":9,"24":9,"25":9,"26":9,"27":9,"28":3,"29":9,"30":2,"31":7,"32":7,"33":1,"34":1,"35":6,"36":6,"37":1,"38":1,"39":5,"40":5,"41":1,"42":1,"43":4,"44":3,"45":1,"46":1,"47":2,"48":2,"49":3,"50":3,"51":3,"52":1,"53":3,"54":2,"55":5,"56":5,"57":1,"58":1,"59":4,"60":4,"61":1,"62":1,"63":3,"64":3,"65":1,"66":1,"67":2,"68":2,"69":2,"70":2,"71":1,"72":2},"f":{"0":3,"1":17,"2":7,"3":5},"b":{"0":[3,14],"1":[17,16,15],"2":[3,11],"3":[14,13,12],"4":[2,9],"5":[11,10],"6":[3,6],"7":[1,6],"8":[7,6],"9":[1,5],"10":[1,4],"11":[3,1],"12":[4,3],"13":[1,2],"14":[1,2],"15":[1,4],"16":[5,4],"17":[1,3],"18":[1,2],"19":[1,1]}}
}
