TN:
SF:src/app.ts
FNF:0
FNH:0
DA:1,2
DA:2,2
DA:3,2
DA:4,2
DA:6,2
DA:8,2
DA:9,2
DA:10,2
DA:12,2
DA:13,0
DA:14,0
DA:16,2
DA:19,2
LF:13
LH:11
BRDA:12,0,0,0
BRDA:12,0,1,2
BRF:2
BRH:1
end_of_record
TN:
SF:src/db.ts
FNF:0
FNH:0
DA:1,3
DA:3,3
DA:5,3
LF:3
LH:3
BRDA:7,0,0,3
BRDA:7,0,1,0
BRF:2
BRH:1
end_of_record
TN:
SF:src/socket.ts
FN:5,setupSocket
FN:6,(anonymous_1)
FN:7,(anonymous_2)
FN:21,(anonymous_3)
FN:26,(anonymous_4)
FN:33,broadcastTyping
FN:42,getIO
FN:48,setIO
FNF:8
FNH:8
FNDA:2,setupSocket
FNDA:14,(anonymous_1)
FNDA:7,(anonymous_2)
FNDA:2,(anonymous_3)
FNDA:14,(anonymous_4)
FNDA:23,broadcastTyping
FNDA:14,getIO
FNDA:2,setIO
DA:3,3
DA:5,3
DA:6,2
DA:7,14
DA:9,7
DA:13,7
DA:14,5
DA:16,2
DA:18,7
DA:21,14
DA:22,2
DA:23,2
DA:26,14
DA:27,14
DA:28,14
DA:34,23
DA:35,23
DA:36,9
DA:38,14
DA:42,3
DA:43,14
DA:46,3
DA:48,3
DA:49,2
LF:24
LH:24
BRDA:9,0,0,5
BRDA:9,0,1,2
BRDA:9,1,0,7
BRDA:9,1,1,6
BRDA:13,2,0,5
BRDA:13,2,1,2
BRDA:35,3,0,9
BRDA:35,3,1,14
BRF:8
BRH:8
end_of_record
TN:
SF:src/models/Post.ts
FNF:0
FNH:0
DA:1,3
DA:2,3
DA:4,3
DA:13,3
LF:4
LH:4
BRF:0
BRH:0
end_of_record
TN:
SF:src/routes/posts.ts
FN:10,(anonymous_1)
FN:18,(anonymous_2)
FN:57,(anonymous_3)
FN:101,(anonymous_4)
FNF:4
FNH:4
FNDA:3,(anonymous_1)
FNDA:17,(anonymous_2)
FNDA:7,(anonymous_3)
FNDA:5,(anonymous_4)
DA:1,2
DA:2,2
DA:3,2
DA:5,2
DA:7,2
DA:8,2
DA:10,2
DA:11,3
DA:15,3
DA:18,2
DA:19,17
DA:21,17
DA:22,3
DA:23,3
DA:26,14
DA:27,14
DA:29,14
DA:30,3
DA:31,3
DA:34,11
DA:35,2
DA:36,2
DA:39,9
DA:40,9
DA:42,9
DA:43,9
DA:44,9
DA:45,3
DA:51,9
DA:57,2
DA:58,7
DA:60,7
DA:61,1
DA:62,1
DA:65,6
DA:66,6
DA:67,1
DA:68,1
DA:71,5
DA:72,5
DA:73,1
DA:74,1
DA:77,4
DA:78,3
DA:79,1
DA:80,1
DA:82,2
DA:83,2
DA:86,3
DA:87,3
DA:88,3
DA:89,1
DA:95,3
DA:101,2
DA:102,5
DA:104,5
DA:105,1
DA:106,1
DA:109,4
DA:110,4
DA:111,1
DA:112,1
DA:115,3
DA:116,3
DA:117,1
DA:118,1
DA:121,2
DA:123,2
DA:124,2
DA:125,2
DA:126,1
DA:129,2
DA:132,2
LF:73
LH:73
BRDA:21,0,0,3
BRDA:21,0,1,14
BRDA:21,1,0,17
BRDA:21,1,1,16
BRDA:21,1,2,15
BRDA:29,2,0,3
BRDA:29,2,1,11
BRDA:29,3,0,14
BRDA:29,3,1,13
BRDA:29,3,2,12
BRDA:34,4,0,2
BRDA:34,4,1,9
BRDA:34,5,0,11
BRDA:34,5,1,10
BRDA:44,6,0,3
BRDA:44,6,1,6
BRDA:60,7,0,1
BRDA:60,7,1,6
BRDA:60,8,0,7
BRDA:60,8,1,6
BRDA:66,9,0,1
BRDA:66,9,1,5
BRDA:72,10,0,1
BRDA:72,10,1,4
BRDA:77,11,0,3
BRDA:77,11,1,1
BRDA:77,12,0,4
BRDA:77,12,1,3
BRDA:78,13,0,1
BRDA:78,13,1,2
BRDA:88,14,0,1
BRDA:88,14,1,2
BRDA:104,15,0,1
BRDA:104,15,1,4
BRDA:104,16,0,5
BRDA:104,16,1,4
BRDA:110,17,0,1
BRDA:110,17,1,3
BRDA:116,18,0,1
BRDA:116,18,1,2
BRDA:125,19,0,1
BRDA:125,19,1,1
BRF:42
BRH:42
end_of_record
